[debug] [2017-12-14T16:10:36.867Z] ----------------------------------------------------------------------
[debug] [2017-12-14T16:10:36.869Z] Command:       C:\Program Files\nodejs\node.exe C:\Users\watch\AppData\Roaming\npm\node_modules\firebase-tools\bin\firebase deploy --only functions
[debug] [2017-12-14T16:10:36.869Z] CLI Version:   3.16.0
[debug] [2017-12-14T16:10:36.869Z] Platform:      win32
[debug] [2017-12-14T16:10:36.869Z] Node Version:  v9.2.1
[debug] [2017-12-14T16:10:36.870Z] Time:          Thu Dec 14 2017 11:10:36 GMT-0500 (Eastern Standard Time)
[debug] [2017-12-14T16:10:36.870Z] ----------------------------------------------------------------------
[debug] 
[debug] [2017-12-14T16:10:36.889Z] > command requires scopes: ["email","openid","https://www.googleapis.com/auth/cloudplatformprojects.readonly","https://www.googleapis.com/auth/firebase","https://www.googleapis.com/auth/cloud-platform"]
[debug] [2017-12-14T16:10:36.889Z] > authorizing via signed-in user
[debug] [2017-12-14T16:10:36.891Z] > refreshing access token with scopes: ["email","https://www.googleapis.com/auth/cloud-platform","https://www.googleapis.com/auth/cloudplatformprojects.readonly","https://www.googleapis.com/auth/firebase","openid"]
[debug] [2017-12-14T16:10:36.891Z] >>> HTTP REQUEST POST https://www.googleapis.com/oauth2/v3/token  
 { refresh_token: '1/dObB8h_DPn274MUoR5_lvNaZxdYi6TkBMjasu_3L3EM',
  client_id: '563584335869-fgrhgmd47bqnekij5i8b5pr03ho849e6.apps.googleusercontent.com',
  client_secret: 'j9iVZfS8kkCEFUPaAeJV0sAi',
  grant_type: 'refresh_token',
  scope: 'email https://www.googleapis.com/auth/cloud-platform https://www.googleapis.com/auth/cloudplatformprojects.readonly https://www.googleapis.com/auth/firebase openid' } 
 Thu Dec 14 2017 11:10:36 GMT-0500 (Eastern Standard Time)
[debug] [2017-12-14T16:10:38.612Z] <<< HTTP RESPONSE 200
[debug] [2017-12-14T16:10:38.619Z] >>> HTTP REQUEST GET https://admin.firebase.com/v1/projects/copped-9a558  
  
 Thu Dec 14 2017 11:10:38 GMT-0500 (Eastern Standard Time)
[debug] [2017-12-14T16:10:39.794Z] <<< HTTP RESPONSE 200
[debug] [2017-12-14T16:10:39.795Z] >>> HTTP REQUEST GET https://admin.firebase.com/v1/database/copped-9a558/tokens  
  
 Thu Dec 14 2017 11:10:39 GMT-0500 (Eastern Standard Time)
[debug] [2017-12-14T18:15:31.584Z] ----------------------------------------------------------------------
[debug] [2017-12-14T18:15:31.588Z] Command:       C:\Program Files\nodejs\node.exe C:\Users\watch\AppData\Roaming\npm\node_modules\firebase-tools\bin\firebase serve --only hosting,functions
[debug] [2017-12-14T18:15:31.588Z] CLI Version:   3.16.0
[debug] [2017-12-14T18:15:31.588Z] Platform:      win32
[debug] [2017-12-14T18:15:31.588Z] Node Version:  v9.2.1
[debug] [2017-12-14T18:15:31.588Z] Time:          Thu Dec 14 2017 13:15:31 GMT-0500 (Eastern Standard Time)
[debug] [2017-12-14T18:15:31.589Z] ----------------------------------------------------------------------
[debug] 
[debug] [2017-12-14T18:15:31.601Z] > command requires scopes: ["email","openid","https://www.googleapis.com/auth/cloudplatformprojects.readonly","https://www.googleapis.com/auth/firebase","https://www.googleapis.com/auth/cloud-platform"]
[debug] [2017-12-14T18:15:31.601Z] > authorizing via signed-in user
[debug] [2017-12-14T18:15:31.604Z] >>> HTTP REQUEST GET https://admin.firebase.com/v1/projects/copped-9a558  
  
 Thu Dec 14 2017 13:15:31 GMT-0500 (Eastern Standard Time)
[debug] [2017-12-14T18:15:32.179Z] <<< HTTP RESPONSE 200
[debug] [2017-12-14T18:15:32.179Z] >>> HTTP REQUEST GET https://admin.firebase.com/v1/database/copped-9a558/tokens  
  
 Thu Dec 14 2017 13:15:32 GMT-0500 (Eastern Standard Time)
[debug] [2017-12-14T18:15:32.520Z] <<< HTTP RESPONSE 200
[info] 
[info] === Serving from 'C:\Users\watch\Documents\GitHub\Clothing-Marketplace\client'...
[info] 
[info] i  functions: Preparing to emulate functions.
[debug] [2017-12-14T18:15:33.384Z] >>> HTTP REQUEST GET https://appengine.googleapis.com/v1/apps/copped-9a558  
  
 Thu Dec 14 2017 13:15:33 GMT-0500 (Eastern Standard Time)
[debug] [2017-12-14T18:15:33.384Z] >>> HTTP REQUEST GET https://apikeys.googleapis.com/v1/projects/copped-9a558/apiKeys  
  
 Thu Dec 14 2017 13:15:33 GMT-0500 (Eastern Standard Time)
[debug] [2017-12-14T18:15:33.385Z] >>> HTTP REQUEST GET https://cloudresourcemanager.googleapis.com/v1/projects/copped-9a558  
  
 Thu Dec 14 2017 13:15:33 GMT-0500 (Eastern Standard Time)
[debug] [2017-12-14T18:15:33.687Z] <<< HTTP RESPONSE 200
[debug] [2017-12-14T18:15:33.688Z] >>> HTTP REQUEST GET https://mobilesdk-pa.googleapis.com/v1/projects/1094268024837/clients/_:getWebAppConfig  
  
 Thu Dec 14 2017 13:15:33 GMT-0500 (Eastern Standard Time)
[debug] [2017-12-14T18:15:33.691Z] <<< HTTP RESPONSE 200
[debug] [2017-12-14T18:15:33.786Z] <<< HTTP RESPONSE 200
[debug] [2017-12-14T18:15:34.073Z] <<< HTTP RESPONSE 200
[info] i  hosting: Serving hosting files from: build
[info] +  hosting: Local server: http://localhost:5000

[info] +  functions: pay: http://localhost:5001/copped-9a558/us-central1/pay
[info] +  functions: process: http://localhost:5001/copped-9a558/us-central1/process
[info] +  functions: contactEmail: http://localhost:5001/copped-9a558/us-central1/contactEmail
[info] +  functions: brandForm: http://localhost:5001/copped-9a558/us-central1/brandForm
[info] +  functions: newPayment: http://localhost:5001/copped-9a558/us-central1/newPayment
